<?xml version="1.0" encoding="UTF-8"?>
<TestRun id="7860e648-41c9-49b1-9c98-b2d34edde793" name="ruslan@COMPUTER 2010-03-01 22:45:04" runUser="computer\ruslan" xmlns="http://microsoft.com/schemas/VisualStudio/TeamTest/2006">
  <TestRunConfiguration name="Local Test Run" id="1ca55a35-92bf-4667-a710-948be27ea9b0">
    <Description>This is a default test run configuration for a local test run.</Description>
    <Deployment runDeploymentRoot="F:\projects\CellularAutomata\CellularAutomata\TestResults\ruslan_COMPUTER 2010-03-01 22_45_04">
      <DeploymentItem filename="F:\projects\CellularAutomata\CellularAutomata.Framework\bin\Debug\CellularAutomata.Framework.dll" />
    </Deployment>
    <TestTypeSpecific />
  </TestRunConfiguration>
  <ResultSummary outcome="Failed">
    <Counters total="1" executed="1" error="0" failed="1" timeout="0" aborted="0" inconclusive="0" passedButRunAborted="0" notRunnable="0" notExecuted="0" disconnected="0" warning="0" passed="0" completed="0" inProgress="0" pending="0" />
  </ResultSummary>
  <Times creation="2010-03-01T22:45:04.7021315+02:00" queuing="2010-03-01T22:45:05.0071490+02:00" start="2010-03-01T22:45:05.0321504+02:00" finish="2010-03-01T22:45:05.5731813+02:00" />
  <TestDefinitions>
    <UnitTest name="CellCollection_GetXml_Test" storage="f:\projects\cellularautomata\cellularautomata.unittests\bin\debug\cellularautomata.unittests.dll" id="eed7a7c3-7f25-2edc-12a9-475089c3d659">
      <Css projectStructure="" iteration="" />
      <Owners>
        <Owner name="" />
      </Owners>
      <Execution id="1778f81f-2fbd-4bdc-856c-c1662c01a9b5" />
      <TestMethod codeBase="F:\projects\CellularAutomata\CellularAutomata.UnitTests\bin\Debug\CellularAutomata.UnitTests.dll" adapterTypeName="Microsoft.VisualStudio.TestTools.TestTypes.Unit.UnitTestAdapter, Microsoft.VisualStudio.QualityTools.Tips.UnitTest.Adapter, Version=9.0.0.0, Culture=neutral, PublicKeyToken=b03f5f7f11d50a3a" className="CellularAutomata.UnitTests.ConfigurationTests, CellularAutomata.UnitTests" name="CellCollection_GetXml_Test" />
    </UnitTest>
  </TestDefinitions>
  <TestLists>
    <TestList name="Results Not in a List" id="8c84fa94-04c1-424b-9868-57a2d4851a1d" />
    <TestList name="All Loaded Results" id="19431567-8539-422a-85d7-44ee4e166bda" />
  </TestLists>
  <TestEntries>
    <TestEntry testId="eed7a7c3-7f25-2edc-12a9-475089c3d659" executionId="1778f81f-2fbd-4bdc-856c-c1662c01a9b5" testListId="8c84fa94-04c1-424b-9868-57a2d4851a1d" />
  </TestEntries>
  <Results>
    <UnitTestResult executionId="1778f81f-2fbd-4bdc-856c-c1662c01a9b5" testId="eed7a7c3-7f25-2edc-12a9-475089c3d659" testName="CellCollection_GetXml_Test" computerName="COMPUTER" duration="00:00:00.0603395" startTime="2010-03-01T22:45:05.0331505+02:00" endTime="2010-03-01T22:45:05.5521801+02:00" testType="13cdc9d9-ddb5-4fa4-a97d-d965ccfc6d4b" outcome="Failed" testListId="8c84fa94-04c1-424b-9868-57a2d4851a1d">
      <Output>
        <ErrorInfo>
          <Message>Test method CellularAutomata.UnitTests.ConfigurationTests.CellCollection_GetXml_Test threw exception:  System.Xml.XmlException: The '&lt;' character, hexadecimal value 0x3C, cannot be included in a name..</Message>
          <StackTrace>    at System.Xml.ValidateNames.ThrowInvalidName(String s, Int32 offsetStartChar, Int32 offsetBadChar)
   at System.Xml.ValidateNames.ParseNCNameInternal(String s, Boolean throwOnError)
   at System.Xml.XmlConvert.VerifyNCName(String name)
   at System.Xml.Linq.XName..ctor(XNamespace ns, String localName)
   at System.Xml.Linq.XNamespace.GetName(String localName, Int32 index, Int32 count)
   at System.Xml.Linq.XNamespace.GetName(String localName)
   at System.Xml.Linq.XName.Get(String expandedName)
   at System.Xml.Linq.XName.op_Implicit(String expandedName)
   at CellularAutomata.Framework.CellCollection.GetXml(XDocument doc) in F:\projects\CellularAutomata\CellularAutomata.Framework\Cells\CellCollection.cs:line 24
   at CellularAutomata.Framework.CellCollection.GetXml() in F:\projects\CellularAutomata\CellularAutomata.Framework\Cells\CellCollection.cs:line 14
   at CellularAutomata.UnitTests.ConfigurationTests.CellCollection_GetXml_Test() in F:\projects\CellularAutomata\CellularAutomata.UnitTests\ConfigurationTests.cs:line 97
</StackTrace>
        </ErrorInfo>
      </Output>
    </UnitTestResult>
  </Results>
</TestRun>