<?xml version="1.0" encoding="UTF-8"?>
<TestRun id="7d305139-58ac-4a0e-8bd5-8b93c7c808f4" name="ruslan@COMPUTER 2010-03-01 22:14:03" runUser="computer\ruslan" xmlns="http://microsoft.com/schemas/VisualStudio/TeamTest/2006">
  <TestRunConfiguration name="Local Test Run" id="1ca55a35-92bf-4667-a710-948be27ea9b0">
    <Description>This is a default test run configuration for a local test run.</Description>
    <Deployment userDeploymentRoot="F:\projects\CellularAutomata\CellularAutomata\TestResults" useDefaultDeploymentRoot="false" runDeploymentRoot="F:\projects\CellularAutomata\CellularAutomata\TestResults\ruslan_COMPUTER 2010-03-01 22_14_03">
      <DeploymentItem filename="F:\projects\CellularAutomata\CellularAutomata.Framework\bin\Debug\CellularAutomata.Framework.dll" />
    </Deployment>
    <TestTypeSpecific />
  </TestRunConfiguration>
  <ResultSummary outcome="Error">
    <Counters total="1" executed="1" error="0" failed="0" timeout="0" aborted="1" inconclusive="0" passedButRunAborted="0" notRunnable="0" notExecuted="0" disconnected="0" warning="0" passed="0" completed="0" inProgress="0" pending="0" />
    <RunInfos>
      <RunInfo computerName="COMPUTER" outcome="Error" timestamp="2010-03-01T22:14:31.4232740+02:00">
        <Text>Test host process exited unexpectedly.</Text>
      </RunInfo>
    </RunInfos>
  </ResultSummary>
  <Times creation="2010-03-01T22:14:03.8106946+02:00" queuing="2010-03-01T22:14:05.0477654+02:00" start="2010-03-01T22:14:05.2277757+02:00" finish="2010-03-01T22:14:31.4232740+02:00" />
  <TestDefinitions>
    <UnitTest name="SerializeCell" storage="f:\projects\cellularautomata\cellularautomata.unittests\bin\debug\cellularautomata.unittests.dll" id="106d7360-553e-a74f-9438-215d76da2a9d">
      <Css projectStructure="" iteration="" />
      <Owners>
        <Owner name="" />
      </Owners>
      <Execution id="5a5ae4c0-378c-44b6-b73c-98477c26ca07" />
      <TestMethod codeBase="F:\projects\CellularAutomata\CellularAutomata.UnitTests\bin\Debug\CellularAutomata.UnitTests.dll" adapterTypeName="Microsoft.VisualStudio.TestTools.TestTypes.Unit.UnitTestAdapter, Microsoft.VisualStudio.QualityTools.Tips.UnitTest.Adapter, Version=9.0.0.0, Culture=neutral, PublicKeyToken=b03f5f7f11d50a3a" className="CellularAutomata.UnitTests.ConfigurationTests, CellularAutomata.UnitTests" name="SerializeCell" />
    </UnitTest>
  </TestDefinitions>
  <TestLists>
    <TestList name="Results Not in a List" id="8c84fa94-04c1-424b-9868-57a2d4851a1d" />
    <TestList name="All Loaded Results" id="19431567-8539-422a-85d7-44ee4e166bda" />
  </TestLists>
  <TestEntries>
    <TestEntry testId="106d7360-553e-a74f-9438-215d76da2a9d" executionId="6d83ef88-ed70-46a7-b04b-4590e7fb5258" testListId="8c84fa94-04c1-424b-9868-57a2d4851a1d" />
  </TestEntries>
  <Results>
    <UnitTestResult executionId="6d83ef88-ed70-46a7-b04b-4590e7fb5258" testId="106d7360-553e-a74f-9438-215d76da2a9d" testName="SerializeCell" computerName="COMPUTER" duration="00:00:26.0414895" startTime="2010-03-01T22:14:05.3817845+02:00" endTime="2010-03-01T22:14:31.4232740+02:00" testType="13cdc9d9-ddb5-4fa4-a97d-d965ccfc6d4b" outcome="Aborted" testListId="8c84fa94-04c1-424b-9868-57a2d4851a1d">
    </UnitTestResult>
  </Results>
</TestRun>