<?xml version="1.0" encoding="UTF-8"?>
<TestRun id="f6f3e399-878e-438d-92b3-0e332fa71cae" name="ruslan@RUSLANLAPTOP 2010-02-12 22:16:40" runUser="ruslanlaptop\ruslan" xmlns="http://microsoft.com/schemas/VisualStudio/TeamTest/2006">
  <TestRunConfiguration name="Local Test Run" id="1ca55a35-92bf-4667-a710-948be27ea9b0">
    <Description>This is a default test run configuration for a local test run.</Description>
    <Deployment userDeploymentRoot="d:\Projects\Mitko\CellularAutomata\CellularAutomata\TestResults" useDefaultDeploymentRoot="false" runDeploymentRoot="d:\Projects\Mitko\CellularAutomata\CellularAutomata\TestResults\ruslan_RUSLANLAPTOP 2010-02-12 22_16_40">
      <DeploymentItem filename="d:\Projects\Mitko\CellularAutomata\CellularAutomata.Drawing\obj\Debug\CellularAutomata.Drawing.dll" />
      <DeploymentItem filename="d:\Projects\Mitko\CellularAutomata\CellularAutomata.Framework\bin\Debug\CellularAutomata.Framework.dll" />
      <DeploymentItem filename="d:\Projects\Mitko\CellularAutomata\CellularAutomata.Drawing\bin\Debug\CellularAutomata.Drawing.dll" />
    </Deployment>
    <TestTypeSpecific />
  </TestRunConfiguration>
  <ResultSummary outcome="Completed">
    <Counters total="1" executed="1" passed="1" error="0" failed="0" timeout="0" aborted="0" inconclusive="0" passedButRunAborted="0" notRunnable="0" notExecuted="0" disconnected="0" warning="0" completed="0" inProgress="0" pending="0" />
  </ResultSummary>
  <Times creation="2010-02-12T22:16:40.6318864+02:00" queuing="2010-02-12T22:16:42.1589737+02:00" start="2010-02-12T22:16:42.5119939+02:00" finish="2010-02-12T22:16:48.1223148+02:00" />
  <TestDefinitions>
    <UnitTest name="TestMethod1" storage="d:\projects\mitko\cellularautomata\cellularautomata.unittests\bin\debug\cellularautomata.unittests.dll" id="a90ed851-70ef-c1ba-7efe-b1af635e8a17">
      <Css projectStructure="" iteration="" />
      <Owners>
        <Owner name="" />
      </Owners>
      <Execution id="34e0ebab-1d34-49d2-be75-80b1250ec4a9" />
      <TestMethod codeBase="d:\Projects\Mitko\CellularAutomata\CellularAutomata.UnitTests\bin\Debug\CellularAutomata.UnitTests.dll" adapterTypeName="Microsoft.VisualStudio.TestTools.TestTypes.Unit.UnitTestAdapter, Microsoft.VisualStudio.QualityTools.Tips.UnitTest.Adapter, Version=9.0.0.0, Culture=neutral, PublicKeyToken=b03f5f7f11d50a3a" className="CellularAutomata.UnitTests.UnitTest1, CellularAutomata.UnitTests" name="TestMethod1" />
    </UnitTest>
  </TestDefinitions>
  <TestLists>
    <TestList name="Results Not in a List" id="8c84fa94-04c1-424b-9868-57a2d4851a1d" />
    <TestList name="All Loaded Results" id="19431567-8539-422a-85d7-44ee4e166bda" />
  </TestLists>
  <TestEntries>
    <TestEntry testId="a90ed851-70ef-c1ba-7efe-b1af635e8a17" executionId="34e0ebab-1d34-49d2-be75-80b1250ec4a9" testListId="8c84fa94-04c1-424b-9868-57a2d4851a1d" />
  </TestEntries>
  <Results>
    <UnitTestResult executionId="34e0ebab-1d34-49d2-be75-80b1250ec4a9" testId="a90ed851-70ef-c1ba-7efe-b1af635e8a17" testName="TestMethod1" computerName="RUSLANLAPTOP" duration="00:00:04.7875064" startTime="2010-02-12T22:16:42.7060050+02:00" endTime="2010-02-12T22:16:48.0403101+02:00" testType="13cdc9d9-ddb5-4fa4-a97d-d965ccfc6d4b" outcome="Passed" testListId="8c84fa94-04c1-424b-9868-57a2d4851a1d">
      <Output>
      </Output>
    </UnitTestResult>
  </Results>
</TestRun>