<?xml version="1.0" encoding="UTF-8"?>
<TestRun id="d77e18f8-a75e-4561-aec7-b3531affe9d0" name="ruslan@COMPUTER 2010-03-01 22:54:45" runUser="computer\ruslan" xmlns="http://microsoft.com/schemas/VisualStudio/TeamTest/2006">
  <TestRunConfiguration name="Local Test Run" id="1ca55a35-92bf-4667-a710-948be27ea9b0">
    <Description>This is a default test run configuration for a local test run.</Description>
    <Deployment userDeploymentRoot="F:\projects\CellularAutomata\CellularAutomata\TestResults" useDefaultDeploymentRoot="false" runDeploymentRoot="F:\projects\CellularAutomata\CellularAutomata\TestResults\ruslan_COMPUTER 2010-03-01 22_54_45">
      <DeploymentItem filename="F:\projects\CellularAutomata\CellularAutomata.Framework\bin\Debug\CellularAutomata.Framework.dll" />
    </Deployment>
    <TestTypeSpecific />
  </TestRunConfiguration>
  <ResultSummary outcome="Completed">
    <Counters total="1" executed="1" passed="1" error="0" failed="0" timeout="0" aborted="0" inconclusive="0" passedButRunAborted="0" notRunnable="0" notExecuted="0" disconnected="0" warning="0" completed="0" inProgress="0" pending="0" />
  </ResultSummary>
  <Times creation="2010-03-01T22:54:45.9653779+02:00" queuing="2010-03-01T22:54:46.5474112+02:00" start="2010-03-01T22:54:46.7204211+02:00" finish="2010-03-01T22:54:47.4504628+02:00" />
  <TestDefinitions>
    <UnitTest name="CellCollection_GetXml_Test" storage="f:\projects\cellularautomata\cellularautomata.unittests\bin\debug\cellularautomata.unittests.dll" id="eed7a7c3-7f25-2edc-12a9-475089c3d659">
      <Css projectStructure="" iteration="" />
      <Owners>
        <Owner name="" />
      </Owners>
      <Execution id="445347b8-83c0-4a9f-b59c-67c6824889f4" />
      <TestMethod codeBase="F:\projects\CellularAutomata\CellularAutomata.UnitTests\bin\Debug\CellularAutomata.UnitTests.dll" adapterTypeName="Microsoft.VisualStudio.TestTools.TestTypes.Unit.UnitTestAdapter, Microsoft.VisualStudio.QualityTools.Tips.UnitTest.Adapter, Version=9.0.0.0, Culture=neutral, PublicKeyToken=b03f5f7f11d50a3a" className="CellularAutomata.UnitTests.ConfigurationTests, CellularAutomata.UnitTests" name="CellCollection_GetXml_Test" />
    </UnitTest>
  </TestDefinitions>
  <TestLists>
    <TestList name="Results Not in a List" id="8c84fa94-04c1-424b-9868-57a2d4851a1d" />
    <TestList name="All Loaded Results" id="19431567-8539-422a-85d7-44ee4e166bda" />
  </TestLists>
  <TestEntries>
    <TestEntry testId="eed7a7c3-7f25-2edc-12a9-475089c3d659" executionId="445347b8-83c0-4a9f-b59c-67c6824889f4" testListId="8c84fa94-04c1-424b-9868-57a2d4851a1d" />
  </TestEntries>
  <Results>
    <UnitTestResult executionId="445347b8-83c0-4a9f-b59c-67c6824889f4" testId="eed7a7c3-7f25-2edc-12a9-475089c3d659" testName="CellCollection_GetXml_Test" computerName="COMPUTER" duration="00:00:00.1104101" startTime="2010-03-01T22:54:46.8044259+02:00" endTime="2010-03-01T22:54:47.4084604+02:00" testType="13cdc9d9-ddb5-4fa4-a97d-d965ccfc6d4b" outcome="Passed" testListId="8c84fa94-04c1-424b-9868-57a2d4851a1d">
      <Output>
      </Output>
    </UnitTestResult>
  </Results>
</TestRun>