<?xml version="1.0" encoding="UTF-8"?>
<TestRun id="3563857f-44c1-40c0-b5b3-16d39003669d" name="Vouldjeff@COCA-COLA 2010-03-23 23:48:46" runUser="Coca-Cola\Vouldjeff" xmlns="http://microsoft.com/schemas/VisualStudio/TeamTest/2006">
  <TestRunConfiguration name="Local Test Run" id="1ca55a35-92bf-4667-a710-948be27ea9b0">
    <Description>This is a default test run configuration for a local test run.</Description>
    <Deployment userDeploymentRoot="F:\Projects\CellularAutomata\CellularAutomata\TestResults" useDefaultDeploymentRoot="false" runDeploymentRoot="F:\Projects\CellularAutomata\CellularAutomata\TestResults\Vouldjeff_COCA-COLA 2010-03-23 23_48_46">
      <DeploymentItem filename="F:\Projects\CellularAutomata\bin\debug\CellularAutomata.Framework.dll" />
    </Deployment>
    <TestTypeSpecific />
  </TestRunConfiguration>
  <ResultSummary outcome="Failed">
    <Counters total="1" executed="1" error="0" failed="1" timeout="0" aborted="0" inconclusive="0" passedButRunAborted="0" notRunnable="0" notExecuted="0" disconnected="0" warning="0" passed="0" completed="0" inProgress="0" pending="0" />
  </ResultSummary>
  <Times creation="2010-03-23T23:48:46.9180021+02:00" queuing="2010-03-23T23:48:47.6990468+02:00" start="2010-03-23T23:48:48.0690679+02:00" finish="2010-03-23T23:48:48.7691080+02:00" />
  <TestDefinitions>
    <UnitTest name="Environment_Ser_Test" storage="f:\projects\cellularautomata\cellularautomata.unittests\bin\debug\cellularautomata.unittests.dll" id="bedcb0d5-cb33-09bd-c7d6-673b790210d0">
      <Css projectStructure="" iteration="" />
      <Owners>
        <Owner name="" />
      </Owners>
      <Execution id="c7427089-78d0-44bd-a8ab-4713d536d04e" />
      <TestMethod codeBase="F:\Projects\CellularAutomata\CellularAutomata.UnitTests\bin\Debug\CellularAutomata.UnitTests.dll" adapterTypeName="Microsoft.VisualStudio.TestTools.TestTypes.Unit.UnitTestAdapter, Microsoft.VisualStudio.QualityTools.Tips.UnitTest.Adapter, Version=9.0.0.0, Culture=neutral, PublicKeyToken=b03f5f7f11d50a3a" className="CellularAutomata.UnitTests.ConfigurationTests, CellularAutomata.UnitTests" name="Environment_Ser_Test" />
    </UnitTest>
  </TestDefinitions>
  <TestLists>
    <TestList name="Results Not in a List" id="8c84fa94-04c1-424b-9868-57a2d4851a1d" />
    <TestList name="All Loaded Results" id="19431567-8539-422a-85d7-44ee4e166bda" />
  </TestLists>
  <TestEntries>
    <TestEntry testId="bedcb0d5-cb33-09bd-c7d6-673b790210d0" executionId="c7427089-78d0-44bd-a8ab-4713d536d04e" testListId="8c84fa94-04c1-424b-9868-57a2d4851a1d" />
  </TestEntries>
  <Results>
    <UnitTestResult executionId="c7427089-78d0-44bd-a8ab-4713d536d04e" testId="bedcb0d5-cb33-09bd-c7d6-673b790210d0" testName="Environment_Ser_Test" computerName="COCA-COLA" duration="00:00:00.1218872" startTime="2010-03-23T23:48:48.3230825+02:00" endTime="2010-03-23T23:48:48.6721024+02:00" testType="13cdc9d9-ddb5-4fa4-a97d-d965ccfc6d4b" outcome="Failed" testListId="8c84fa94-04c1-424b-9868-57a2d4851a1d">
      <Output>
        <ErrorInfo>
          <Message>Test method CellularAutomata.UnitTests.ConfigurationTests.Environment_Ser_Test threw exception:  System.ArgumentException: Stream was not readable..</Message>
          <StackTrace>    at System.IO.BinaryReader..ctor(Stream input, Encoding encoding)
   at System.Runtime.Serialization.Formatters.Binary.__BinaryParser..ctor(Stream stream, ObjectReader objectReader)
   at System.Runtime.Serialization.Formatters.Binary.BinaryFormatter.Deserialize(Stream serializationStream, HeaderHandler handler, Boolean fCheck, Boolean isCrossAppDomain, IMethodCallMessage methodCallMessage)
   at System.Runtime.Serialization.Formatters.Binary.BinaryFormatter.Deserialize(Stream serializationStream)
   at CellularAutomata.UnitTests.ConfigurationTests.Environment_Ser_Test() in F:\Projects\CellularAutomata\CellularAutomata.UnitTests\ConfigurationTests.cs:line 78
</StackTrace>
        </ErrorInfo>
      </Output>
    </UnitTestResult>
  </Results>
</TestRun>