<?xml version="1.0" encoding="UTF-8"?>
<TestRun id="3de57999-74a3-4a9d-be80-1e043630eda1" name="Vouldjeff@COCA-COLA 2010-03-24 00:35:39" runUser="Coca-Cola\Vouldjeff" xmlns="http://microsoft.com/schemas/VisualStudio/TeamTest/2006">
  <TestRunConfiguration name="Default Run Configuration" id="6995e23e-05c5-441f-b8a9-85284cdfa247">
    <Deployment runDeploymentRoot="F:\Projects\CellularAutomata\CellularAutomata.UnitTests\bin\Debug\TestResults\Vouldjeff_COCA-COLA 2010-03-24 00_35_39" />
    <Hosts skipUnhostableTests="false" />
    <TestTypeSpecific />
  </TestRunConfiguration>
  <ResultSummary outcome="Failed">
    <Counters total="1" executed="1" error="0" failed="1" timeout="0" aborted="0" inconclusive="0" passedButRunAborted="0" notRunnable="0" notExecuted="0" disconnected="0" warning="0" passed="0" completed="0" inProgress="0" pending="0" />
  </ResultSummary>
  <Times creation="2010-03-24T00:35:39.5398749+02:00" queuing="2010-03-24T00:35:41.7720025+02:00" start="2010-03-24T00:35:42.1490241+02:00" finish="2010-03-24T00:35:43.1150794+02:00" />
  <TestDefinitions>
    <UnitTest name="Environment_Ser_Test" storage="f:\projects\cellularautomata\cellularautomata.unittests\bin\debug\cellularautomata.unittests.dll" id="bedcb0d5-cb33-09bd-c7d6-673b790210d0">
      <Css projectStructure="" iteration="" />
      <Execution timeOut="1800000" id="6a580eb5-f5f9-47d2-bddd-2fdc4c3bada8" />
      <Owners>
        <Owner name="" />
      </Owners>
      <TestMethod codeBase="F:/Projects/CellularAutomata/CellularAutomata.UnitTests/bin/Debug/CellularAutomata.UnitTests.dll" adapterTypeName="Microsoft.VisualStudio.TestTools.TestTypes.Unit.UnitTestAdapter, Microsoft.VisualStudio.QualityTools.Tips.UnitTest.Adapter" className="CellularAutomata.UnitTests.ConfigurationTests, CellularAutomata.UnitTests, Version=1.0.0.0, Culture=neutral, PublicKeyToken=null" name="Environment_Ser_Test" />
    </UnitTest>
  </TestDefinitions>
  <TestLists>
    <TestList name="Results Not in a List" id="8c84fa94-04c1-424b-9868-57a2d4851a1d" />
    <TestList name="All Loaded Results" id="19431567-8539-422a-85d7-44ee4e166bda" />
  </TestLists>
  <TestEntries>
    <TestEntry testId="bedcb0d5-cb33-09bd-c7d6-673b790210d0" executionId="6a580eb5-f5f9-47d2-bddd-2fdc4c3bada8" testListId="8c84fa94-04c1-424b-9868-57a2d4851a1d" />
  </TestEntries>
  <Results>
    <UnitTestResult executionId="6a580eb5-f5f9-47d2-bddd-2fdc4c3bada8" testId="bedcb0d5-cb33-09bd-c7d6-673b790210d0" testName="Environment_Ser_Test" computerName="COCA-COLA" duration="00:00:00.2805763" startTime="2010-03-24T00:35:42.2950325+02:00" endTime="2010-03-24T00:35:42.9150679+02:00" testType="13cdc9d9-ddb5-4fa4-a97d-d965ccfc6d4b" outcome="Failed" testListId="8c84fa94-04c1-424b-9868-57a2d4851a1d">
      <Output>
        <ErrorInfo>
          <Message>Assert.Fail failed. Assert.Equals should not be used for Assertions. Please use Assert.AreEqual &amp; overloads instead.</Message>
          <StackTrace>   at CellularAutomata.UnitTests.ConfigurationTests.Environment_Ser_Test() in F:\Projects\CellularAutomata\CellularAutomata.UnitTests\ConfigurationTests.cs:line 79
</StackTrace>
        </ErrorInfo>
      </Output>
    </UnitTestResult>
  </Results>
</TestRun>