<?xml version="1.0" encoding="UTF-8"?>
<TestRun id="21073c74-3b98-43f4-8563-2a0c0c842a46" name="Vouldjeff@COCA-COLA 2010-03-29 22:10:07" runUser="Coca-Cola\Vouldjeff" xmlns="http://microsoft.com/schemas/VisualStudio/TeamTest/2006">
  <TestRunConfiguration name="Default Run Configuration" id="ee4276d9-f296-4b51-b533-6961be5ad76a">
    <Deployment runDeploymentRoot="F:\Projects\CellularAutomata\CellularAutomata.UnitTests\bin\Debug\TestResults\Vouldjeff_COCA-COLA 2010-03-29 22_10_07" />
    <Hosts skipUnhostableTests="false" />
    <TestTypeSpecific />
  </TestRunConfiguration>
  <ResultSummary outcome="Failed">
    <Counters total="1" executed="1" error="0" failed="1" timeout="0" aborted="0" inconclusive="0" passedButRunAborted="0" notRunnable="0" notExecuted="0" disconnected="0" warning="0" passed="0" completed="0" inProgress="0" pending="0" />
  </ResultSummary>
  <Times creation="2010-03-29T22:10:07.7801751+03:00" queuing="2010-03-29T22:10:10.0663059+03:00" start="2010-03-29T22:10:10.3463219+03:00" finish="2010-03-29T22:10:11.6543967+03:00" />
  <TestDefinitions>
    <UnitTest name="Pattern_GetXml_Test" storage="f:\projects\cellularautomata\cellularautomata.unittests\bin\debug\cellularautomata.unittests.dll" id="6360b3ed-292a-3c7c-42eb-702472554023">
      <Css projectStructure="" iteration="" />
      <Execution timeOut="1800000" id="9326029d-25d1-462b-bdb6-d72a18860f6c" />
      <Owners>
        <Owner name="" />
      </Owners>
      <TestMethod codeBase="F:/Projects/CellularAutomata/CellularAutomata.UnitTests/bin/Debug/CellularAutomata.UnitTests.dll" adapterTypeName="Microsoft.VisualStudio.TestTools.TestTypes.Unit.UnitTestAdapter, Microsoft.VisualStudio.QualityTools.Tips.UnitTest.Adapter" className="CellularAutomata.UnitTests.ConfigurationTests, CellularAutomata.UnitTests, Version=1.0.0.0, Culture=neutral, PublicKeyToken=null" name="Pattern_GetXml_Test" />
    </UnitTest>
  </TestDefinitions>
  <TestLists>
    <TestList name="Results Not in a List" id="8c84fa94-04c1-424b-9868-57a2d4851a1d" />
    <TestList name="All Loaded Results" id="19431567-8539-422a-85d7-44ee4e166bda" />
  </TestLists>
  <TestEntries>
    <TestEntry testId="6360b3ed-292a-3c7c-42eb-702472554023" executionId="9326029d-25d1-462b-bdb6-d72a18860f6c" testListId="8c84fa94-04c1-424b-9868-57a2d4851a1d" />
  </TestEntries>
  <Results>
    <UnitTestResult executionId="9326029d-25d1-462b-bdb6-d72a18860f6c" testId="6360b3ed-292a-3c7c-42eb-702472554023" testName="Pattern_GetXml_Test" computerName="COCA-COLA" duration="00:00:00.6786222" startTime="2010-03-29T22:10:10.4883300+03:00" endTime="2010-03-29T22:10:11.4933875+03:00" testType="13cdc9d9-ddb5-4fa4-a97d-d965ccfc6d4b" outcome="Failed" testListId="8c84fa94-04c1-424b-9868-57a2d4851a1d">
      <Output>
        <ErrorInfo>
          <Message>Assert.AreEqual failed. Expected:&lt;&lt;Pattern name="walker"&gt;
  &lt;Description&gt;
    desc
  &lt;/Description&gt;
  &lt;Cells&gt;
    &lt;Cell left="5" top="10" /&gt;
    &lt;Cell left="6" top="11" /&gt;
  &lt;/Cells&gt;
&lt;/Pattern&gt;&gt;. Actual:&lt;&lt;Pattern name="walker"&gt;
  &lt;Description&gt;desc&lt;/Description&gt;
  &lt;Cells&gt;
    &lt;Cell left="5" top="10" /&gt;
    &lt;Cell left="6" top="11" /&gt;
  &lt;/Cells&gt;
&lt;/Pattern&gt;&gt;. </Message>
          <StackTrace>   at CellularAutomata.UnitTests.ConfigurationTests.Pattern_GetXml_Test() in F:\Projects\CellularAutomata\CellularAutomata.UnitTests\ConfigurationTests.cs:line 141
</StackTrace>
        </ErrorInfo>
      </Output>
    </UnitTestResult>
  </Results>
</TestRun>