<?xml version="1.0" encoding="UTF-8"?>
<TestRun id="1ec1fa40-bfec-4882-b15b-25af6102fa21" name="Vouldjeff@COCA-COLA 2010-03-29 22:04:04" runUser="Coca-Cola\Vouldjeff" xmlns="http://microsoft.com/schemas/VisualStudio/TeamTest/2006">
  <TestRunConfiguration name="Default Run Configuration" id="35a3b18a-0fb1-418a-91a7-becfa7827209">
    <Deployment runDeploymentRoot="F:\Projects\CellularAutomata\CellularAutomata.UnitTests\bin\Debug\TestResults\Vouldjeff_COCA-COLA 2010-03-29 22_04_04" />
    <Hosts skipUnhostableTests="false" />
    <TestTypeSpecific />
  </TestRunConfiguration>
  <ResultSummary outcome="Completed">
    <Counters total="1" executed="1" passed="1" error="0" failed="0" timeout="0" aborted="0" inconclusive="0" passedButRunAborted="0" notRunnable="0" notExecuted="0" disconnected="0" warning="0" completed="0" inProgress="0" pending="0" />
  </ResultSummary>
  <Times creation="2010-03-29T22:04:04.9434220+03:00" queuing="2010-03-29T22:04:07.2715552+03:00" start="2010-03-29T22:04:07.6445765+03:00" finish="2010-03-29T22:04:08.8136434+03:00" />
  <TestDefinitions>
    <UnitTest name="CellCollection_BuildFromXml_Test" storage="f:\projects\cellularautomata\cellularautomata.unittests\bin\debug\cellularautomata.unittests.dll" id="21992d06-c417-cd51-19f6-53e001f08a4c">
      <Css projectStructure="" iteration="" />
      <Execution timeOut="1800000" id="e4f5b73a-8cc0-4e0e-86ed-406d5152835b" />
      <Owners>
        <Owner name="" />
      </Owners>
      <TestMethod codeBase="F:/Projects/CellularAutomata/CellularAutomata.UnitTests/bin/Debug/CellularAutomata.UnitTests.dll" adapterTypeName="Microsoft.VisualStudio.TestTools.TestTypes.Unit.UnitTestAdapter, Microsoft.VisualStudio.QualityTools.Tips.UnitTest.Adapter" className="CellularAutomata.UnitTests.ConfigurationTests, CellularAutomata.UnitTests, Version=1.0.0.0, Culture=neutral, PublicKeyToken=null" name="CellCollection_BuildFromXml_Test" />
    </UnitTest>
  </TestDefinitions>
  <TestLists>
    <TestList name="Results Not in a List" id="8c84fa94-04c1-424b-9868-57a2d4851a1d" />
    <TestList name="All Loaded Results" id="19431567-8539-422a-85d7-44ee4e166bda" />
  </TestLists>
  <TestEntries>
    <TestEntry testId="21992d06-c417-cd51-19f6-53e001f08a4c" executionId="e4f5b73a-8cc0-4e0e-86ed-406d5152835b" testListId="8c84fa94-04c1-424b-9868-57a2d4851a1d" />
  </TestEntries>
  <Results>
    <UnitTestResult executionId="e4f5b73a-8cc0-4e0e-86ed-406d5152835b" testId="21992d06-c417-cd51-19f6-53e001f08a4c" testName="CellCollection_BuildFromXml_Test" computerName="COCA-COLA" duration="00:00:00.5024496" startTime="2010-03-29T22:04:07.7845845+03:00" endTime="2010-03-29T22:04:08.6416336+03:00" testType="13cdc9d9-ddb5-4fa4-a97d-d965ccfc6d4b" outcome="Passed" testListId="8c84fa94-04c1-424b-9868-57a2d4851a1d">
      <Output>
      </Output>
    </UnitTestResult>
  </Results>
</TestRun>