<?xml version="1.0" encoding="UTF-8"?>
<TestRun id="af828c1d-3f3a-4efd-844e-e121bdaa9dc4" name="Vouldjeff@COCA-COLA 2010-03-23 23:53:32" runUser="Coca-Cola\Vouldjeff" xmlns="http://microsoft.com/schemas/VisualStudio/TeamTest/2006">
  <TestRunConfiguration name="Default Run Configuration" id="b44f6db0-2cba-4f3f-a851-3c461a104994">
    <Deployment runDeploymentRoot="F:\Projects\CellularAutomata\CellularAutomata.UnitTests\bin\Debug\TestResults\Vouldjeff_COCA-COLA 2010-03-23 23_53_32" />
    <Hosts skipUnhostableTests="false" />
    <TestTypeSpecific />
  </TestRunConfiguration>
  <ResultSummary outcome="Completed">
    <Counters total="1" executed="1" passed="1" error="0" failed="0" timeout="0" aborted="0" inconclusive="0" passedButRunAborted="0" notRunnable="0" notExecuted="0" disconnected="0" warning="0" completed="0" inProgress="0" pending="0" />
  </ResultSummary>
  <Times creation="2010-03-23T23:53:32.1033138+02:00" queuing="2010-03-23T23:53:34.3604429+02:00" start="2010-03-23T23:53:34.6744608+02:00" finish="2010-03-23T23:53:35.4625059+02:00" />
  <TestDefinitions>
    <UnitTest name="Environment_Ser_Test" storage="f:\projects\cellularautomata\cellularautomata.unittests\bin\debug\cellularautomata.unittests.dll" id="bedcb0d5-cb33-09bd-c7d6-673b790210d0">
      <Css projectStructure="" iteration="" />
      <Execution timeOut="1800000" id="96c82b76-1fbe-4de8-8150-899e0566e69b" />
      <Owners>
        <Owner name="" />
      </Owners>
      <TestMethod codeBase="F:/Projects/CellularAutomata/CellularAutomata.UnitTests/bin/Debug/CellularAutomata.UnitTests.dll" adapterTypeName="Microsoft.VisualStudio.TestTools.TestTypes.Unit.UnitTestAdapter, Microsoft.VisualStudio.QualityTools.Tips.UnitTest.Adapter" className="CellularAutomata.UnitTests.ConfigurationTests, CellularAutomata.UnitTests, Version=1.0.0.0, Culture=neutral, PublicKeyToken=null" name="Environment_Ser_Test" />
    </UnitTest>
  </TestDefinitions>
  <TestLists>
    <TestList name="Results Not in a List" id="8c84fa94-04c1-424b-9868-57a2d4851a1d" />
    <TestList name="All Loaded Results" id="19431567-8539-422a-85d7-44ee4e166bda" />
  </TestLists>
  <TestEntries>
    <TestEntry testId="bedcb0d5-cb33-09bd-c7d6-673b790210d0" executionId="96c82b76-1fbe-4de8-8150-899e0566e69b" testListId="8c84fa94-04c1-424b-9868-57a2d4851a1d" />
  </TestEntries>
  <Results>
    <UnitTestResult executionId="96c82b76-1fbe-4de8-8150-899e0566e69b" testId="bedcb0d5-cb33-09bd-c7d6-673b790210d0" testName="Environment_Ser_Test" computerName="COCA-COLA" duration="00:00:00.1507837" startTime="2010-03-23T23:53:34.8174690+02:00" endTime="2010-03-23T23:53:35.2714950+02:00" testType="13cdc9d9-ddb5-4fa4-a97d-d965ccfc6d4b" outcome="Passed" testListId="8c84fa94-04c1-424b-9868-57a2d4851a1d">
      <Output>
      </Output>
    </UnitTestResult>
  </Results>
</TestRun>