<?xml version="1.0" encoding="UTF-8"?>
<TestRun id="1e1cfdb5-08a9-4620-aeed-1009aa475ace" name="Vouldjeff@COCA-COLA 2010-03-24 00:37:14" runUser="Coca-Cola\Vouldjeff" xmlns="http://microsoft.com/schemas/VisualStudio/TeamTest/2006">
  <TestRunConfiguration name="Default Run Configuration" id="e9bccbfc-3260-4c0c-a69c-091cacc9172a">
    <Deployment runDeploymentRoot="F:\Projects\CellularAutomata\CellularAutomata.UnitTests\bin\Debug\TestResults\Vouldjeff_COCA-COLA 2010-03-24 00_37_14" />
    <Hosts skipUnhostableTests="false" />
    <TestTypeSpecific />
  </TestRunConfiguration>
  <ResultSummary outcome="Completed">
    <Counters total="1" executed="1" passed="1" error="0" failed="0" timeout="0" aborted="0" inconclusive="0" passedButRunAborted="0" notRunnable="0" notExecuted="0" disconnected="0" warning="0" completed="0" inProgress="0" pending="0" />
  </ResultSummary>
  <Times creation="2010-03-24T00:37:14.2662929+02:00" queuing="2010-03-24T00:37:16.5204218+02:00" start="2010-03-24T00:37:16.8234392+02:00" finish="2010-03-24T00:37:17.6354856+02:00" />
  <TestDefinitions>
    <UnitTest name="Environment_Ser_Test" storage="f:\projects\cellularautomata\cellularautomata.unittests\bin\debug\cellularautomata.unittests.dll" id="bedcb0d5-cb33-09bd-c7d6-673b790210d0">
      <Css projectStructure="" iteration="" />
      <Execution timeOut="1800000" id="29aa65b2-2909-4497-be76-3883437a61ff" />
      <Owners>
        <Owner name="" />
      </Owners>
      <TestMethod codeBase="F:/Projects/CellularAutomata/CellularAutomata.UnitTests/bin/Debug/CellularAutomata.UnitTests.dll" adapterTypeName="Microsoft.VisualStudio.TestTools.TestTypes.Unit.UnitTestAdapter, Microsoft.VisualStudio.QualityTools.Tips.UnitTest.Adapter" className="CellularAutomata.UnitTests.ConfigurationTests, CellularAutomata.UnitTests, Version=1.0.0.0, Culture=neutral, PublicKeyToken=null" name="Environment_Ser_Test" />
    </UnitTest>
  </TestDefinitions>
  <TestLists>
    <TestList name="Results Not in a List" id="8c84fa94-04c1-424b-9868-57a2d4851a1d" />
    <TestList name="All Loaded Results" id="19431567-8539-422a-85d7-44ee4e166bda" />
  </TestLists>
  <TestEntries>
    <TestEntry testId="bedcb0d5-cb33-09bd-c7d6-673b790210d0" executionId="29aa65b2-2909-4497-be76-3883437a61ff" testListId="8c84fa94-04c1-424b-9868-57a2d4851a1d" />
  </TestEntries>
  <Results>
    <UnitTestResult executionId="29aa65b2-2909-4497-be76-3883437a61ff" testId="bedcb0d5-cb33-09bd-c7d6-673b790210d0" testName="Environment_Ser_Test" computerName="COCA-COLA" duration="00:00:00.1700087" startTime="2010-03-24T00:37:16.9504464+02:00" endTime="2010-03-24T00:37:17.4574754+02:00" testType="13cdc9d9-ddb5-4fa4-a97d-d965ccfc6d4b" outcome="Passed" testListId="8c84fa94-04c1-424b-9868-57a2d4851a1d">
      <Output>
      </Output>
    </UnitTestResult>
  </Results>
</TestRun>