<?xml version="1.0" encoding="UTF-8"?>
<TestRun id="46469715-d045-4a46-992f-454c96ed2a6a" name="Vouldjeff@COCA-COLA 2010-03-29 22:12:10" runUser="Coca-Cola\Vouldjeff" xmlns="http://microsoft.com/schemas/VisualStudio/TeamTest/2006">
  <TestRunConfiguration name="Default Run Configuration" id="d40c5481-ec91-442c-aa5c-d35983f19850">
    <Deployment runDeploymentRoot="F:\Projects\CellularAutomata\CellularAutomata.UnitTests\bin\Debug\TestResults\Vouldjeff_COCA-COLA 2010-03-29 22_12_10" />
    <Hosts skipUnhostableTests="false" />
    <TestTypeSpecific />
  </TestRunConfiguration>
  <ResultSummary outcome="Completed">
    <Counters total="1" executed="1" passed="1" error="0" failed="0" timeout="0" aborted="0" inconclusive="0" passedButRunAborted="0" notRunnable="0" notExecuted="0" disconnected="0" warning="0" completed="0" inProgress="0" pending="0" />
  </ResultSummary>
  <Times creation="2010-03-29T22:12:10.7672096+03:00" queuing="2010-03-29T22:12:13.0403396+03:00" start="2010-03-29T22:12:13.5063662+03:00" finish="2010-03-29T22:12:14.7894396+03:00" />
  <TestDefinitions>
    <UnitTest name="Pattern_GetXml_Test" storage="f:\projects\cellularautomata\cellularautomata.unittests\bin\debug\cellularautomata.unittests.dll" id="6360b3ed-292a-3c7c-42eb-702472554023">
      <Css projectStructure="" iteration="" />
      <Execution timeOut="1800000" id="b6471136-f2d8-4326-9245-e6f4cb595ae4" />
      <Owners>
        <Owner name="" />
      </Owners>
      <TestMethod codeBase="F:/Projects/CellularAutomata/CellularAutomata.UnitTests/bin/Debug/CellularAutomata.UnitTests.dll" adapterTypeName="Microsoft.VisualStudio.TestTools.TestTypes.Unit.UnitTestAdapter, Microsoft.VisualStudio.QualityTools.Tips.UnitTest.Adapter" className="CellularAutomata.UnitTests.ConfigurationTests, CellularAutomata.UnitTests, Version=1.0.0.0, Culture=neutral, PublicKeyToken=null" name="Pattern_GetXml_Test" />
    </UnitTest>
  </TestDefinitions>
  <TestLists>
    <TestList name="Results Not in a List" id="8c84fa94-04c1-424b-9868-57a2d4851a1d" />
    <TestList name="All Loaded Results" id="19431567-8539-422a-85d7-44ee4e166bda" />
  </TestLists>
  <TestEntries>
    <TestEntry testId="6360b3ed-292a-3c7c-42eb-702472554023" executionId="b6471136-f2d8-4326-9245-e6f4cb595ae4" testListId="8c84fa94-04c1-424b-9868-57a2d4851a1d" />
  </TestEntries>
  <Results>
    <UnitTestResult executionId="b6471136-f2d8-4326-9245-e6f4cb595ae4" testId="6360b3ed-292a-3c7c-42eb-702472554023" testName="Pattern_GetXml_Test" computerName="COCA-COLA" duration="00:00:00.6258128" startTime="2010-03-29T22:12:13.6303733+03:00" endTime="2010-03-29T22:12:14.5594265+03:00" testType="13cdc9d9-ddb5-4fa4-a97d-d965ccfc6d4b" outcome="Passed" testListId="8c84fa94-04c1-424b-9868-57a2d4851a1d">
      <Output>
      </Output>
    </UnitTestResult>
  </Results>
</TestRun>