<?xml version="1.0" encoding="UTF-8"?>
<TestRun id="3553a695-8f49-4dfe-ab36-7172a541f304" name="Vouldjeff@COCA-COLA 2010-03-29 22:23:47" runUser="Coca-Cola\Vouldjeff" xmlns="http://microsoft.com/schemas/VisualStudio/TeamTest/2006">
  <TestRunConfiguration name="Default Run Configuration" id="4484304b-4bc6-4df2-aa4a-211b34addc65">
    <Deployment runDeploymentRoot="F:\Projects\CellularAutomata\CellularAutomata.UnitTests\bin\Debug\TestResults\Vouldjeff_COCA-COLA 2010-03-29 22_23_47" />
    <Hosts skipUnhostableTests="false" />
    <TestTypeSpecific />
  </TestRunConfiguration>
  <ResultSummary outcome="Completed">
    <Counters total="1" executed="1" passed="1" error="0" failed="0" timeout="0" aborted="0" inconclusive="0" passedButRunAborted="0" notRunnable="0" notExecuted="0" disconnected="0" warning="0" completed="0" inProgress="0" pending="0" />
  </ResultSummary>
  <Times creation="2010-03-29T22:23:48.0020891+03:00" queuing="2010-03-29T22:23:50.4562295+03:00" start="2010-03-29T22:23:50.8142500+03:00" finish="2010-03-29T22:23:51.8583097+03:00" />
  <TestDefinitions>
    <UnitTest name="PatternCollection_BuildFromXml_Test" storage="f:\projects\cellularautomata\cellularautomata.unittests\bin\debug\cellularautomata.unittests.dll" id="39f61abd-592d-9d79-11df-322b1df382c9">
      <Css projectStructure="" iteration="" />
      <Execution timeOut="1800000" id="a31816aa-2486-4072-9bf3-3993ed3b6997" />
      <Owners>
        <Owner name="" />
      </Owners>
      <TestMethod codeBase="F:/Projects/CellularAutomata/CellularAutomata.UnitTests/bin/Debug/CellularAutomata.UnitTests.dll" adapterTypeName="Microsoft.VisualStudio.TestTools.TestTypes.Unit.UnitTestAdapter, Microsoft.VisualStudio.QualityTools.Tips.UnitTest.Adapter" className="CellularAutomata.UnitTests.ConfigurationTests, CellularAutomata.UnitTests, Version=1.0.0.0, Culture=neutral, PublicKeyToken=null" name="PatternCollection_BuildFromXml_Test" />
    </UnitTest>
  </TestDefinitions>
  <TestLists>
    <TestList name="Results Not in a List" id="8c84fa94-04c1-424b-9868-57a2d4851a1d" />
    <TestList name="All Loaded Results" id="19431567-8539-422a-85d7-44ee4e166bda" />
  </TestLists>
  <TestEntries>
    <TestEntry testId="39f61abd-592d-9d79-11df-322b1df382c9" executionId="a31816aa-2486-4072-9bf3-3993ed3b6997" testListId="8c84fa94-04c1-424b-9868-57a2d4851a1d" />
  </TestEntries>
  <Results>
    <UnitTestResult executionId="a31816aa-2486-4072-9bf3-3993ed3b6997" testId="39f61abd-592d-9d79-11df-322b1df382c9" testName="PatternCollection_BuildFromXml_Test" computerName="COCA-COLA" duration="00:00:00.4304385" startTime="2010-03-29T22:23:50.9312566+03:00" endTime="2010-03-29T22:23:51.6772993+03:00" testType="13cdc9d9-ddb5-4fa4-a97d-d965ccfc6d4b" outcome="Passed" testListId="8c84fa94-04c1-424b-9868-57a2d4851a1d">
      <Output>
      </Output>
    </UnitTestResult>
  </Results>
</TestRun>