<?xml version="1.0" encoding="UTF-8"?>
<TestRun id="d7d53ccb-9faf-4bba-bf4e-a788030472a7" name="Vouldjeff@COCA-COLA 2010-03-29 22:21:48" runUser="Coca-Cola\Vouldjeff" xmlns="http://microsoft.com/schemas/VisualStudio/TeamTest/2006">
  <TestRunConfiguration name="Default Run Configuration" id="510b48de-1bd0-4647-9900-757301259c19">
    <Deployment runDeploymentRoot="F:\Projects\CellularAutomata\CellularAutomata.UnitTests\bin\Debug\TestResults\Vouldjeff_COCA-COLA 2010-03-29 22_21_48" />
    <Hosts skipUnhostableTests="false" />
    <TestTypeSpecific />
  </TestRunConfiguration>
  <ResultSummary outcome="Completed">
    <Counters total="1" executed="1" passed="1" error="0" failed="0" timeout="0" aborted="0" inconclusive="0" passedButRunAborted="0" notRunnable="0" notExecuted="0" disconnected="0" warning="0" completed="0" inProgress="0" pending="0" />
  </ResultSummary>
  <Times creation="2010-03-29T22:21:48.3892476+03:00" queuing="2010-03-29T22:21:50.5893735+03:00" start="2010-03-29T22:21:50.8823902+03:00" finish="2010-03-29T22:21:51.8914480+03:00" />
  <TestDefinitions>
    <UnitTest name="Pattern_BuildFromXml_Test" storage="f:\projects\cellularautomata\cellularautomata.unittests\bin\debug\cellularautomata.unittests.dll" id="7037873b-ce47-cf75-6270-4c50d967aeb8">
      <Css projectStructure="" iteration="" />
      <Execution timeOut="1800000" id="843f015b-547c-4b9a-8508-5e8d47a9c615" />
      <Owners>
        <Owner name="" />
      </Owners>
      <TestMethod codeBase="F:/Projects/CellularAutomata/CellularAutomata.UnitTests/bin/Debug/CellularAutomata.UnitTests.dll" adapterTypeName="Microsoft.VisualStudio.TestTools.TestTypes.Unit.UnitTestAdapter, Microsoft.VisualStudio.QualityTools.Tips.UnitTest.Adapter" className="CellularAutomata.UnitTests.ConfigurationTests, CellularAutomata.UnitTests, Version=1.0.0.0, Culture=neutral, PublicKeyToken=null" name="Pattern_BuildFromXml_Test" />
    </UnitTest>
  </TestDefinitions>
  <TestLists>
    <TestList name="Results Not in a List" id="8c84fa94-04c1-424b-9868-57a2d4851a1d" />
    <TestList name="All Loaded Results" id="19431567-8539-422a-85d7-44ee4e166bda" />
  </TestLists>
  <TestEntries>
    <TestEntry testId="7037873b-ce47-cf75-6270-4c50d967aeb8" executionId="843f015b-547c-4b9a-8508-5e8d47a9c615" testListId="8c84fa94-04c1-424b-9868-57a2d4851a1d" />
  </TestEntries>
  <Results>
    <UnitTestResult executionId="843f015b-547c-4b9a-8508-5e8d47a9c615" testId="7037873b-ce47-cf75-6270-4c50d967aeb8" testName="Pattern_BuildFromXml_Test" computerName="COCA-COLA" duration="00:00:00.4005787" startTime="2010-03-29T22:21:51.0213982+03:00" endTime="2010-03-29T22:21:51.7484398+03:00" testType="13cdc9d9-ddb5-4fa4-a97d-d965ccfc6d4b" outcome="Passed" testListId="8c84fa94-04c1-424b-9868-57a2d4851a1d">
      <Output>
      </Output>
    </UnitTestResult>
  </Results>
</TestRun>